<?xml version="1.0" encoding="utf-8" standalone="no"?>
<!--This file represents the results of running a test suite-->
<test-results name="../../build/NHibernate.Validator-1.2.0.CR1/bin/net-3.5/NHibernate.Validator.Specific.Tests.dll" total="22" errors="0" failures="0" not-run="0" ignored="0" skipped="0" invalid="0" date="2009-11-25" time="23:31:44">
  <environment nunit-version="2.5.0.9122" clr-version="2.0.50727.4927" os-version="Microsoft Windows NT 6.1.7600.0" platform="Win32NT" cwd="D:\src\nhv - trunk\src\NHibernate.Validator.Specific.Tests" machine-name="LUCERO" user="Dario" user-domain="Lucero" />
  <culture-info current-culture="es-ES" current-uiculture="es-ES" />
  <test-suite name="../../build/NHibernate.Validator-1.2.0.CR1/bin/net-3.5/NHibernate.Validator.Specific.Tests.dll" executed="True" success="True" time="0.604" asserts="0">
    <results>
      <test-suite name="NHibernate" executed="True" success="True" time="0.597" asserts="0">
        <results>
          <test-suite name="Validator" executed="True" success="True" time="0.590" asserts="0">
            <results>
              <test-suite name="Specific" executed="True" success="True" time="0.590" asserts="0">
                <results>
                  <test-suite name="Tests" executed="True" success="True" time="0.588" asserts="0">
                    <results>
                      <test-suite name="Ar" executed="True" success="True" time="0.421" asserts="0">
                        <results>
                          <test-suite name="CUITFixture" executed="True" success="True" time="0.420" asserts="0">
                            <results>
                              <test-case name="NHibernate.Validator.Specific.Tests.Ar.CUITFixture.IsValid" executed="True" success="True" time="0.119" asserts="11" />
                              <test-case name="NHibernate.Validator.Specific.Tests.Ar.CUITFixture.ValidatorAttribute" executed="True" success="True" time="0.283" asserts="0" />
                            </results>
                          </test-suite>
                        </results>
                      </test-suite>
                      <test-suite name="Br" executed="True" success="True" time="0.013" asserts="0">
                        <results>
                          <test-suite name="CEPFixture" executed="True" success="True" time="0.006" asserts="0">
                            <results>
                              <test-case name="NHibernate.Validator.Specific.Tests.Br.CEPFixture.IsValid" executed="True" success="True" time="0.004" asserts="10" />
                              <test-case name="NHibernate.Validator.Specific.Tests.Br.CEPFixture.ValidatorAttribute" executed="True" success="True" time="0.001" asserts="0" />
                            </results>
                          </test-suite>
                          <test-suite name="CPFFixture" executed="True" success="True" time="0.006" asserts="0">
                            <results>
                              <test-case name="NHibernate.Validator.Specific.Tests.Br.CPFFixture.IsValid" executed="True" success="True" time="0.004" asserts="11" />
                              <test-case name="NHibernate.Validator.Specific.Tests.Br.CPFFixture.ValidatorAttribute" executed="True" success="True" time="0.002" asserts="0" />
                            </results>
                          </test-suite>
                        </results>
                      </test-suite>
                      <test-suite name="It" executed="True" success="True" time="0.052" asserts="0">
                        <results>
                          <test-suite name="CodFiscaleFixture" executed="True" success="True" time="0.004" asserts="0">
                            <results>
                              <test-case name="NHibernate.Validator.Specific.Tests.It.CodFiscaleFixture.IsValid" executed="True" success="True" time="0.001" asserts="15" />
                              <test-case name="NHibernate.Validator.Specific.Tests.It.CodFiscaleFixture.ValidatorAttribute" executed="True" success="True" time="0.002" asserts="0" />
                            </results>
                          </test-suite>
                          <test-suite name="LoquaciousFixture" executed="True" success="True" time="0.042" asserts="0">
                            <results>
                              <test-case name="NHibernate.Validator.Specific.Tests.It.LoquaciousFixture.ShouldWorkCodiceFiscaleExtensions" executed="True" success="True" time="0.033" asserts="3" />
                              <test-case name="NHibernate.Validator.Specific.Tests.It.LoquaciousFixture.ShouldWorkPartitaIvaExtensions" executed="True" success="True" time="0.007" asserts="5" />
                            </results>
                          </test-suite>
                          <test-suite name="PartitaIVAFixture" executed="True" success="True" time="0.004" asserts="0">
                            <results>
                              <test-case name="NHibernate.Validator.Specific.Tests.It.PartitaIVAFixture.IsValid" executed="True" success="True" time="0.002" asserts="21" />
                              <test-case name="NHibernate.Validator.Specific.Tests.It.PartitaIVAFixture.ValidatorAttribute" executed="True" success="True" time="0.002" asserts="0" />
                            </results>
                          </test-suite>
                        </results>
                      </test-suite>
                      <test-suite name="Pl" executed="True" success="True" time="0.093" asserts="0">
                        <results>
                          <test-suite name="NIPFixture" executed="True" success="True" time="0.035" asserts="0">
                            <results>
                              <test-case name="NHibernate.Validator.Specific.Tests.Pl.NIPFixture.IsValid" executed="True" success="True" time="0.016" asserts="8" />
                              <test-case name="NHibernate.Validator.Specific.Tests.Pl.NIPFixture.ValidatorAttribute" executed="True" success="True" time="0.019" asserts="0" />
                            </results>
                          </test-suite>
                          <test-suite name="PESELFixture" executed="True" success="True" time="0.016" asserts="0">
                            <results>
                              <test-case name="NHibernate.Validator.Specific.Tests.Pl.PESELFixture.IsValid" executed="True" success="True" time="0.006" asserts="7" />
                              <test-case name="NHibernate.Validator.Specific.Tests.Pl.PESELFixture.ValidatorAttribute" executed="True" success="True" time="0.010" asserts="0" />
                            </results>
                          </test-suite>
                          <test-suite name="PostalCodeFixture" executed="True" success="True" time="0.017" asserts="0">
                            <results>
                              <test-case name="NHibernate.Validator.Specific.Tests.Pl.PostalCodeFixture.IsValid" executed="True" success="True" time="0.006" asserts="7" />
                              <test-case name="NHibernate.Validator.Specific.Tests.Pl.PostalCodeFixture.ValidatorAttribute" executed="True" success="True" time="0.009" asserts="0" />
                            </results>
                          </test-suite>
                          <test-suite name="REGONFixture" executed="True" success="True" time="0.019" asserts="0">
                            <results>
                              <test-case name="NHibernate.Validator.Specific.Tests.Pl.REGONFixture.IsValid" executed="True" success="True" time="0.008" asserts="7" />
                              <test-case name="NHibernate.Validator.Specific.Tests.Pl.REGONFixture.ValidatorAttribute" executed="True" success="True" time="0.011" asserts="0" />
                            </results>
                          </test-suite>
                        </results>
                      </test-suite>
                      <test-suite name="Uy" executed="True" success="True" time="0.003" asserts="0">
                        <results>
                          <test-suite name="CedulaIdentidadFixture" executed="True" success="True" time="0.003" asserts="0">
                            <results>
                              <test-case name="NHibernate.Validator.Specific.Tests.Uy.CedulaIdentidadFixture.IsValid" executed="True" success="True" time="0.001" asserts="9" />
                              <test-case name="NHibernate.Validator.Specific.Tests.Uy.CedulaIdentidadFixture.ValidatorAttribute" executed="True" success="True" time="0.001" asserts="0" />
                            </results>
                          </test-suite>
                        </results>
                      </test-suite>
                    </results>
                  </test-suite>
                </results>
              </test-suite>
            </results>
          </test-suite>
        </results>
      </test-suite>
    </results>
  </test-suite>
</test-results>